<html>
<head>
<title>TestNG:  Test</title>
<link href="../testng.css" rel="stylesheet" type="text/css" />
<link href="../my-testng.css" rel="stylesheet" type="text/css" />

<style type="text/css">
.log { display: none;} 
.stack-trace { display: none;} 
</style>
<script type="text/javascript">
<!--
function flip(e) {
  current = e.style.display;
  if (current == 'block') {
    e.style.display = 'none';
    return 0;
  }
  else {
    e.style.display = 'block';
    return 1;
  }
}

function toggleBox(szDivId, elem, msg1, msg2)
{
  var res = -1;  if (document.getElementById) {
    res = flip(document.getElementById(szDivId));
  }
  else if (document.all) {
    // this is the way old msie versions work
    res = flip(document.all[szDivId]);
  }
  if(elem) {
    if(res == 0) elem.innerHTML = msg1; else elem.innerHTML = msg2;
  }

}

function toggleAllBoxes() {
  if (document.getElementsByTagName) {
    d = document.getElementsByTagName('div');
    for (i = 0; i < d.length; i++) {
      if (d[i].className == 'log') {
        flip(d[i]);
      }
    }
  }
}

// -->
</script>

</head>
<body>
<h2 align='center'>Test</h2><table border='1' align="center">
<tr>
<td>Tests passed/Failed/Skipped:</td><td>0/0/4</td>
</tr><tr>
<td>Started on:</td><td>Wed Jun 05 17:26:33 IST 2019</td>
</tr>
<tr><td>Total time:</td><td>0 seconds (312 ms)</td>
</tr><tr>
<td>Included groups:</td><td></td>
</tr><tr>
<td>Excluded groups:</td><td></td>
</tr>
</table><p/>
<small><i>(Hover the method name to see the test class name)</i></small><p/>
<table width='100%' border='1' class='invocation-failed'>
<tr><td colspan='4' align='center'><b>FAILED CONFIGURATIONS</b></td></tr>
<tr><td><b>Test method</b></td>
<td width="30%"><b>Exception</b></td>
<td width="10%"><b>Time (seconds)</b></td>
<td><b>Instance</b></td>
</tr>
<tr>
<td title='com.edgeconnect.test.mobiletest.LoginTest.setUpReport()'><b>setUpReport</b><br>Test class: com.edgeconnect.test.mobiletest.LoginTest</td>
<td><div><pre>java.lang.NoClassDefFoundError: com/aventstack/extentreports/reporter/ExtentLoggerReporter
	at com.reporter.reportengine.extentreports.ExtentReporter.initializeReportEngine(ExtentReporter.java:72)
	at com.reporter.reportengine.ReportEngine.initializeReporter(ReportEngine.java:31)
	at com.edgeconnect.test.mobiletest.BaseTest.setUpReport(BaseTest.java:41)
Caused by: java.lang.ClassNotFoundException: com.aventstack.extentreports.reporter.ExtentLoggerReporter
	at java.net.URLClassLoader.findClass(URLClassLoader.java:381)
	at java.lang.ClassLoader.loadClass(ClassLoader.java:424)
	at sun.misc.Launcher$AppClassLoader.loadClass(Launcher.java:335)
	at java.lang.ClassLoader.loadClass(ClassLoader.java:357)
	... 23 more
... Removed 20 stack frames</pre></div><a href='#' onClick='toggleBox("stack-trace1664439369", this, "Click to show all stack frames", "Click to hide stack frames")'>Click to show all stack frames</a>
<div class='stack-trace' id='stack-trace1664439369'><pre>java.lang.NoClassDefFoundError: com/aventstack/extentreports/reporter/ExtentLoggerReporter
	at com.reporter.reportengine.extentreports.ExtentReporter.initializeReportEngine(ExtentReporter.java:72)
	at com.reporter.reportengine.ReportEngine.initializeReporter(ReportEngine.java:31)
	at com.edgeconnect.test.mobiletest.BaseTest.setUpReport(BaseTest.java:41)
	at sun.reflect.NativeMethodAccessorImpl.invoke0(Native Method)
	at sun.reflect.NativeMethodAccessorImpl.invoke(NativeMethodAccessorImpl.java:62)
	at sun.reflect.DelegatingMethodAccessorImpl.invoke(DelegatingMethodAccessorImpl.java:43)
	at java.lang.reflect.Method.invoke(Method.java:498)
	at org.testng.internal.MethodInvocationHelper.invokeMethod(MethodInvocationHelper.java:124)
	at org.testng.internal.MethodInvocationHelper.invokeMethodConsideringTimeout(MethodInvocationHelper.java:59)
	at org.testng.internal.Invoker.invokeConfigurationMethod(Invoker.java:458)
	at org.testng.internal.Invoker.invokeConfigurations(Invoker.java:222)
	at org.testng.internal.Invoker.invokeConfigurations(Invoker.java:142)
	at org.testng.SuiteRunner.privateRun(SuiteRunner.java:401)
	at org.testng.SuiteRunner.run(SuiteRunner.java:364)
	at org.testng.SuiteRunnerWorker.runSuite(SuiteRunnerWorker.java:52)
	at org.testng.SuiteRunnerWorker.run(SuiteRunnerWorker.java:84)
	at org.testng.TestNG.runSuitesSequentially(TestNG.java:1208)
	at org.testng.TestNG.runSuitesLocally(TestNG.java:1137)
	at org.testng.TestNG.runSuites(TestNG.java:1049)
	at org.testng.TestNG.run(TestNG.java:1017)
	at org.testng.remote.AbstractRemoteTestNG.run(AbstractRemoteTestNG.java:114)
	at org.testng.remote.RemoteTestNG.initAndRun(RemoteTestNG.java:251)
	at org.testng.remote.RemoteTestNG.main(RemoteTestNG.java:77)
Caused by: java.lang.ClassNotFoundException: com.aventstack.extentreports.reporter.ExtentLoggerReporter
	at java.net.URLClassLoader.findClass(URLClassLoader.java:381)
	at java.lang.ClassLoader.loadClass(ClassLoader.java:424)
	at sun.misc.Launcher$AppClassLoader.loadClass(Launcher.java:335)
	at java.lang.ClassLoader.loadClass(ClassLoader.java:357)
	... 23 more
</pre></div></td>
<td>0</td>
<td>com.edgeconnect.test.mobiletest.LoginTest@3a079870</td></tr>
</table><p>
<table width='100%' border='1' class='invocation-skipped'>
<tr><td colspan='4' align='center'><b>SKIPPED CONFIGURATIONS</b></td></tr>
<tr><td><b>Test method</b></td>
<td width="30%"><b>Exception</b></td>
<td width="10%"><b>Time (seconds)</b></td>
<td><b>Instance</b></td>
</tr>
<tr>
<td title='com.edgeconnect.test.mobiletest.LoginTest.beforeMethod()'><b>beforeMethod</b><br>Test class: com.edgeconnect.test.mobiletest.LoginTest</td>
<td></td>
<td>0</td>
<td>com.edgeconnect.test.mobiletest.LoginTest@3a079870</td></tr>
<tr>
<td title='com.edgeconnect.test.mobiletest.LoginTest.beforeMethod()'><b>beforeMethod</b><br>Test class: com.edgeconnect.test.mobiletest.LoginTest</td>
<td></td>
<td>0</td>
<td>com.edgeconnect.test.mobiletest.LoginTest@3a079870</td></tr>
<tr>
<td title='com.edgeconnect.test.mobiletest.LoginTest.beforeMethod()'><b>beforeMethod</b><br>Test class: com.edgeconnect.test.mobiletest.LoginTest</td>
<td></td>
<td>0</td>
<td>com.edgeconnect.test.mobiletest.LoginTest@3a079870</td></tr>
<tr>
<td title='com.edgeconnect.test.mobiletest.LoginTest.beforeMethod()'><b>beforeMethod</b><br>Test class: com.edgeconnect.test.mobiletest.LoginTest</td>
<td></td>
<td>0</td>
<td>com.edgeconnect.test.mobiletest.LoginTest@3a079870</td></tr>
<tr>
<td title='com.edgeconnect.test.mobiletest.LoginTest.tearDown()'><b>tearDown</b><br>Test class: com.edgeconnect.test.mobiletest.LoginTest</td>
<td></td>
<td>0</td>
<td>com.edgeconnect.test.mobiletest.LoginTest@3a079870</td></tr>
<tr>
<td title='com.edgeconnect.test.mobiletest.LoginTest.tearDown()'><b>tearDown</b><br>Test class: com.edgeconnect.test.mobiletest.LoginTest</td>
<td></td>
<td>0</td>
<td>com.edgeconnect.test.mobiletest.LoginTest@3a079870</td></tr>
<tr>
<td title='com.edgeconnect.test.mobiletest.LoginTest.tearDown()'><b>tearDown</b><br>Test class: com.edgeconnect.test.mobiletest.LoginTest</td>
<td></td>
<td>0</td>
<td>com.edgeconnect.test.mobiletest.LoginTest@3a079870</td></tr>
<tr>
<td title='com.edgeconnect.test.mobiletest.LoginTest.tearDown()'><b>tearDown</b><br>Test class: com.edgeconnect.test.mobiletest.LoginTest</td>
<td></td>
<td>0</td>
<td>com.edgeconnect.test.mobiletest.LoginTest@3a079870</td></tr>
</table><p>
<table width='100%' border='1' class='invocation-skipped'>
<tr><td colspan='4' align='center'><b>SKIPPED TESTS</b></td></tr>
<tr><td><b>Test method</b></td>
<td width="30%"><b>Exception</b></td>
<td width="10%"><b>Time (seconds)</b></td>
<td><b>Instance</b></td>
</tr>
<tr>
<td title='com.edgeconnect.test.mobiletest.LoginTest.verifyBlankPwdLogin()'><b>verifyBlankPwdLogin</b><br>Test class: com.edgeconnect.test.mobiletest.LoginTest<br>Test method: Verify Login with blank password</td>
<td><div><pre>java.lang.NoClassDefFoundError: com/aventstack/extentreports/reporter/ExtentLoggerReporter
	at com.reporter.reportengine.extentreports.ExtentReporter.initializeReportEngine(ExtentReporter.java:72)
	at com.reporter.reportengine.ReportEngine.initializeReporter(ReportEngine.java:31)
	at com.edgeconnect.test.mobiletest.BaseTest.setUpReport(BaseTest.java:41)
Caused by: java.lang.ClassNotFoundException: com.aventstack.extentreports.reporter.ExtentLoggerReporter
	at java.net.URLClassLoader.findClass(URLClassLoader.java:381)
	at java.lang.ClassLoader.loadClass(ClassLoader.java:424)
	at sun.misc.Launcher$AppClassLoader.loadClass(Launcher.java:335)
	at java.lang.ClassLoader.loadClass(ClassLoader.java:357)
	... 23 more
... Removed 20 stack frames</pre></div><a href='#' onClick='toggleBox("stack-trace1781493632", this, "Click to show all stack frames", "Click to hide stack frames")'>Click to show all stack frames</a>
<div class='stack-trace' id='stack-trace1781493632'><pre>java.lang.NoClassDefFoundError: com/aventstack/extentreports/reporter/ExtentLoggerReporter
	at com.reporter.reportengine.extentreports.ExtentReporter.initializeReportEngine(ExtentReporter.java:72)
	at com.reporter.reportengine.ReportEngine.initializeReporter(ReportEngine.java:31)
	at com.edgeconnect.test.mobiletest.BaseTest.setUpReport(BaseTest.java:41)
	at sun.reflect.NativeMethodAccessorImpl.invoke0(Native Method)
	at sun.reflect.NativeMethodAccessorImpl.invoke(NativeMethodAccessorImpl.java:62)
	at sun.reflect.DelegatingMethodAccessorImpl.invoke(DelegatingMethodAccessorImpl.java:43)
	at java.lang.reflect.Method.invoke(Method.java:498)
	at org.testng.internal.MethodInvocationHelper.invokeMethod(MethodInvocationHelper.java:124)
	at org.testng.internal.MethodInvocationHelper.invokeMethodConsideringTimeout(MethodInvocationHelper.java:59)
	at org.testng.internal.Invoker.invokeConfigurationMethod(Invoker.java:458)
	at org.testng.internal.Invoker.invokeConfigurations(Invoker.java:222)
	at org.testng.internal.Invoker.invokeConfigurations(Invoker.java:142)
	at org.testng.SuiteRunner.privateRun(SuiteRunner.java:401)
	at org.testng.SuiteRunner.run(SuiteRunner.java:364)
	at org.testng.SuiteRunnerWorker.runSuite(SuiteRunnerWorker.java:52)
	at org.testng.SuiteRunnerWorker.run(SuiteRunnerWorker.java:84)
	at org.testng.TestNG.runSuitesSequentially(TestNG.java:1208)
	at org.testng.TestNG.runSuitesLocally(TestNG.java:1137)
	at org.testng.TestNG.runSuites(TestNG.java:1049)
	at org.testng.TestNG.run(TestNG.java:1017)
	at org.testng.remote.AbstractRemoteTestNG.run(AbstractRemoteTestNG.java:114)
	at org.testng.remote.RemoteTestNG.initAndRun(RemoteTestNG.java:251)
	at org.testng.remote.RemoteTestNG.main(RemoteTestNG.java:77)
Caused by: java.lang.ClassNotFoundException: com.aventstack.extentreports.reporter.ExtentLoggerReporter
	at java.net.URLClassLoader.findClass(URLClassLoader.java:381)
	at java.lang.ClassLoader.loadClass(ClassLoader.java:424)
	at sun.misc.Launcher$AppClassLoader.loadClass(Launcher.java:335)
	at java.lang.ClassLoader.loadClass(ClassLoader.java:357)
	... 23 more
</pre></div></td>
<td>0</td>
<td>com.edgeconnect.test.mobiletest.LoginTest@3a079870</td></tr>
<tr>
<td title='com.edgeconnect.test.mobiletest.LoginTest.verifyBlankUserNameLogin()'><b>verifyBlankUserNameLogin</b><br>Test class: com.edgeconnect.test.mobiletest.LoginTest<br>Test method: Verify Login with blank username</td>
<td><div><pre>java.lang.NoClassDefFoundError: com/aventstack/extentreports/reporter/ExtentLoggerReporter
	at com.reporter.reportengine.extentreports.ExtentReporter.initializeReportEngine(ExtentReporter.java:72)
	at com.reporter.reportengine.ReportEngine.initializeReporter(ReportEngine.java:31)
	at com.edgeconnect.test.mobiletest.BaseTest.setUpReport(BaseTest.java:41)
Caused by: java.lang.ClassNotFoundException: com.aventstack.extentreports.reporter.ExtentLoggerReporter
	at java.net.URLClassLoader.findClass(URLClassLoader.java:381)
	at java.lang.ClassLoader.loadClass(ClassLoader.java:424)
	at sun.misc.Launcher$AppClassLoader.loadClass(Launcher.java:335)
	at java.lang.ClassLoader.loadClass(ClassLoader.java:357)
	... 23 more
... Removed 20 stack frames</pre></div><a href='#' onClick='toggleBox("stack-trace1536471117", this, "Click to show all stack frames", "Click to hide stack frames")'>Click to show all stack frames</a>
<div class='stack-trace' id='stack-trace1536471117'><pre>java.lang.NoClassDefFoundError: com/aventstack/extentreports/reporter/ExtentLoggerReporter
	at com.reporter.reportengine.extentreports.ExtentReporter.initializeReportEngine(ExtentReporter.java:72)
	at com.reporter.reportengine.ReportEngine.initializeReporter(ReportEngine.java:31)
	at com.edgeconnect.test.mobiletest.BaseTest.setUpReport(BaseTest.java:41)
	at sun.reflect.NativeMethodAccessorImpl.invoke0(Native Method)
	at sun.reflect.NativeMethodAccessorImpl.invoke(NativeMethodAccessorImpl.java:62)
	at sun.reflect.DelegatingMethodAccessorImpl.invoke(DelegatingMethodAccessorImpl.java:43)
	at java.lang.reflect.Method.invoke(Method.java:498)
	at org.testng.internal.MethodInvocationHelper.invokeMethod(MethodInvocationHelper.java:124)
	at org.testng.internal.MethodInvocationHelper.invokeMethodConsideringTimeout(MethodInvocationHelper.java:59)
	at org.testng.internal.Invoker.invokeConfigurationMethod(Invoker.java:458)
	at org.testng.internal.Invoker.invokeConfigurations(Invoker.java:222)
	at org.testng.internal.Invoker.invokeConfigurations(Invoker.java:142)
	at org.testng.SuiteRunner.privateRun(SuiteRunner.java:401)
	at org.testng.SuiteRunner.run(SuiteRunner.java:364)
	at org.testng.SuiteRunnerWorker.runSuite(SuiteRunnerWorker.java:52)
	at org.testng.SuiteRunnerWorker.run(SuiteRunnerWorker.java:84)
	at org.testng.TestNG.runSuitesSequentially(TestNG.java:1208)
	at org.testng.TestNG.runSuitesLocally(TestNG.java:1137)
	at org.testng.TestNG.runSuites(TestNG.java:1049)
	at org.testng.TestNG.run(TestNG.java:1017)
	at org.testng.remote.AbstractRemoteTestNG.run(AbstractRemoteTestNG.java:114)
	at org.testng.remote.RemoteTestNG.initAndRun(RemoteTestNG.java:251)
	at org.testng.remote.RemoteTestNG.main(RemoteTestNG.java:77)
Caused by: java.lang.ClassNotFoundException: com.aventstack.extentreports.reporter.ExtentLoggerReporter
	at java.net.URLClassLoader.findClass(URLClassLoader.java:381)
	at java.lang.ClassLoader.loadClass(ClassLoader.java:424)
	at sun.misc.Launcher$AppClassLoader.loadClass(Launcher.java:335)
	at java.lang.ClassLoader.loadClass(ClassLoader.java:357)
	... 23 more
</pre></div></td>
<td>0</td>
<td>com.edgeconnect.test.mobiletest.LoginTest@3a079870</td></tr>
<tr>
<td title='com.edgeconnect.test.mobiletest.LoginTest.verifyInvaldUserNameLogin()'><b>verifyInvaldUserNameLogin</b><br>Test class: com.edgeconnect.test.mobiletest.LoginTest<br>Test method: Verify Login with invalid username</td>
<td><div><pre>java.lang.NoClassDefFoundError: com/aventstack/extentreports/reporter/ExtentLoggerReporter
	at com.reporter.reportengine.extentreports.ExtentReporter.initializeReportEngine(ExtentReporter.java:72)
	at com.reporter.reportengine.ReportEngine.initializeReporter(ReportEngine.java:31)
	at com.edgeconnect.test.mobiletest.BaseTest.setUpReport(BaseTest.java:41)
Caused by: java.lang.ClassNotFoundException: com.aventstack.extentreports.reporter.ExtentLoggerReporter
	at java.net.URLClassLoader.findClass(URLClassLoader.java:381)
	at java.lang.ClassLoader.loadClass(ClassLoader.java:424)
	at sun.misc.Launcher$AppClassLoader.loadClass(Launcher.java:335)
	at java.lang.ClassLoader.loadClass(ClassLoader.java:357)
	... 23 more
... Removed 20 stack frames</pre></div><a href='#' onClick='toggleBox("stack-trace63390", this, "Click to show all stack frames", "Click to hide stack frames")'>Click to show all stack frames</a>
<div class='stack-trace' id='stack-trace63390'><pre>java.lang.NoClassDefFoundError: com/aventstack/extentreports/reporter/ExtentLoggerReporter
	at com.reporter.reportengine.extentreports.ExtentReporter.initializeReportEngine(ExtentReporter.java:72)
	at com.reporter.reportengine.ReportEngine.initializeReporter(ReportEngine.java:31)
	at com.edgeconnect.test.mobiletest.BaseTest.setUpReport(BaseTest.java:41)
	at sun.reflect.NativeMethodAccessorImpl.invoke0(Native Method)
	at sun.reflect.NativeMethodAccessorImpl.invoke(NativeMethodAccessorImpl.java:62)
	at sun.reflect.DelegatingMethodAccessorImpl.invoke(DelegatingMethodAccessorImpl.java:43)
	at java.lang.reflect.Method.invoke(Method.java:498)
	at org.testng.internal.MethodInvocationHelper.invokeMethod(MethodInvocationHelper.java:124)
	at org.testng.internal.MethodInvocationHelper.invokeMethodConsideringTimeout(MethodInvocationHelper.java:59)
	at org.testng.internal.Invoker.invokeConfigurationMethod(Invoker.java:458)
	at org.testng.internal.Invoker.invokeConfigurations(Invoker.java:222)
	at org.testng.internal.Invoker.invokeConfigurations(Invoker.java:142)
	at org.testng.SuiteRunner.privateRun(SuiteRunner.java:401)
	at org.testng.SuiteRunner.run(SuiteRunner.java:364)
	at org.testng.SuiteRunnerWorker.runSuite(SuiteRunnerWorker.java:52)
	at org.testng.SuiteRunnerWorker.run(SuiteRunnerWorker.java:84)
	at org.testng.TestNG.runSuitesSequentially(TestNG.java:1208)
	at org.testng.TestNG.runSuitesLocally(TestNG.java:1137)
	at org.testng.TestNG.runSuites(TestNG.java:1049)
	at org.testng.TestNG.run(TestNG.java:1017)
	at org.testng.remote.AbstractRemoteTestNG.run(AbstractRemoteTestNG.java:114)
	at org.testng.remote.RemoteTestNG.initAndRun(RemoteTestNG.java:251)
	at org.testng.remote.RemoteTestNG.main(RemoteTestNG.java:77)
Caused by: java.lang.ClassNotFoundException: com.aventstack.extentreports.reporter.ExtentLoggerReporter
	at java.net.URLClassLoader.findClass(URLClassLoader.java:381)
	at java.lang.ClassLoader.loadClass(ClassLoader.java:424)
	at sun.misc.Launcher$AppClassLoader.loadClass(Launcher.java:335)
	at java.lang.ClassLoader.loadClass(ClassLoader.java:357)
	... 23 more
</pre></div></td>
<td>0</td>
<td>com.edgeconnect.test.mobiletest.LoginTest@3a079870</td></tr>
<tr>
<td title='com.edgeconnect.test.mobiletest.LoginTest.verifyLogin()'><b>verifyLogin</b><br>Test class: com.edgeconnect.test.mobiletest.LoginTest<br>Test method: Verify Valid Login - Happy Path</td>
<td><div><pre>java.lang.NoClassDefFoundError: com/aventstack/extentreports/reporter/ExtentLoggerReporter
	at com.reporter.reportengine.extentreports.ExtentReporter.initializeReportEngine(ExtentReporter.java:72)
	at com.reporter.reportengine.ReportEngine.initializeReporter(ReportEngine.java:31)
	at com.edgeconnect.test.mobiletest.BaseTest.setUpReport(BaseTest.java:41)
Caused by: java.lang.ClassNotFoundException: com.aventstack.extentreports.reporter.ExtentLoggerReporter
	at java.net.URLClassLoader.findClass(URLClassLoader.java:381)
	at java.lang.ClassLoader.loadClass(ClassLoader.java:424)
	at sun.misc.Launcher$AppClassLoader.loadClass(Launcher.java:335)
	at java.lang.ClassLoader.loadClass(ClassLoader.java:357)
	... 23 more
... Removed 20 stack frames</pre></div><a href='#' onClick='toggleBox("stack-trace504858437", this, "Click to show all stack frames", "Click to hide stack frames")'>Click to show all stack frames</a>
<div class='stack-trace' id='stack-trace504858437'><pre>java.lang.NoClassDefFoundError: com/aventstack/extentreports/reporter/ExtentLoggerReporter
	at com.reporter.reportengine.extentreports.ExtentReporter.initializeReportEngine(ExtentReporter.java:72)
	at com.reporter.reportengine.ReportEngine.initializeReporter(ReportEngine.java:31)
	at com.edgeconnect.test.mobiletest.BaseTest.setUpReport(BaseTest.java:41)
	at sun.reflect.NativeMethodAccessorImpl.invoke0(Native Method)
	at sun.reflect.NativeMethodAccessorImpl.invoke(NativeMethodAccessorImpl.java:62)
	at sun.reflect.DelegatingMethodAccessorImpl.invoke(DelegatingMethodAccessorImpl.java:43)
	at java.lang.reflect.Method.invoke(Method.java:498)
	at org.testng.internal.MethodInvocationHelper.invokeMethod(MethodInvocationHelper.java:124)
	at org.testng.internal.MethodInvocationHelper.invokeMethodConsideringTimeout(MethodInvocationHelper.java:59)
	at org.testng.internal.Invoker.invokeConfigurationMethod(Invoker.java:458)
	at org.testng.internal.Invoker.invokeConfigurations(Invoker.java:222)
	at org.testng.internal.Invoker.invokeConfigurations(Invoker.java:142)
	at org.testng.SuiteRunner.privateRun(SuiteRunner.java:401)
	at org.testng.SuiteRunner.run(SuiteRunner.java:364)
	at org.testng.SuiteRunnerWorker.runSuite(SuiteRunnerWorker.java:52)
	at org.testng.SuiteRunnerWorker.run(SuiteRunnerWorker.java:84)
	at org.testng.TestNG.runSuitesSequentially(TestNG.java:1208)
	at org.testng.TestNG.runSuitesLocally(TestNG.java:1137)
	at org.testng.TestNG.runSuites(TestNG.java:1049)
	at org.testng.TestNG.run(TestNG.java:1017)
	at org.testng.remote.AbstractRemoteTestNG.run(AbstractRemoteTestNG.java:114)
	at org.testng.remote.RemoteTestNG.initAndRun(RemoteTestNG.java:251)
	at org.testng.remote.RemoteTestNG.main(RemoteTestNG.java:77)
Caused by: java.lang.ClassNotFoundException: com.aventstack.extentreports.reporter.ExtentLoggerReporter
	at java.net.URLClassLoader.findClass(URLClassLoader.java:381)
	at java.lang.ClassLoader.loadClass(ClassLoader.java:424)
	at sun.misc.Launcher$AppClassLoader.loadClass(Launcher.java:335)
	at java.lang.ClassLoader.loadClass(ClassLoader.java:357)
	... 23 more
</pre></div></td>
<td>0</td>
<td>com.edgeconnect.test.mobiletest.LoginTest@3a079870</td></tr>
</table><p>
</body>
</html>